0 info it worked if it ends with ok
1 verbose cli [ '/usr/bin/nodejs',
1 verbose cli   '/usr/bin/npm',
1 verbose cli   'install',
1 verbose cli   '-g',
1 verbose cli   'weather.js' ]
2 info using npm@3.5.2
3 info using node@v4.2.6
4 silly loadCurrentTree Starting
5 silly install loadCurrentTree
6 silly install readGlobalPackageData
7 silly fetchPackageMetaData weather.js
8 silly fetchNamedPackageData weather.js
9 silly mapToRegistry name weather.js
10 silly mapToRegistry using default registry
11 silly mapToRegistry registry https://registry.npmjs.org/
12 silly mapToRegistry uri https://registry.npmjs.org/weather.js
13 verbose request uri https://registry.npmjs.org/weather.js
14 verbose request no auth needed
15 info attempt registry request try #1 at 2:42:05 PM
16 verbose request id f034c119c23ebe58
17 verbose etag W/"58ec44a0-1c49"
18 verbose lastModified Tue, 11 Apr 2017 02:51:12 GMT
19 http request GET https://registry.npmjs.org/weather.js
20 http 304 https://registry.npmjs.org/weather.js
21 verbose headers { date: 'Fri, 05 May 2017 12:42:31 GMT',
21 verbose headers   via: '1.1 varnish',
21 verbose headers   'cache-control': 'max-age=300',
21 verbose headers   etag: 'W/"58ec44a0-1c49"',
21 verbose headers   age: '42',
21 verbose headers   connection: 'keep-alive',
21 verbose headers   'x-served-by': 'cache-jnb7523-JNB',
21 verbose headers   'x-cache': 'HIT',
21 verbose headers   'x-cache-hits': '1',
21 verbose headers   'x-timer': 'S1493988151.290493,VS0,VE0',
21 verbose headers   vary: 'Accept-Encoding' }
22 silly get cb [ 304,
22 silly get   { date: 'Fri, 05 May 2017 12:42:31 GMT',
22 silly get     via: '1.1 varnish',
22 silly get     'cache-control': 'max-age=300',
22 silly get     etag: 'W/"58ec44a0-1c49"',
22 silly get     age: '42',
22 silly get     connection: 'keep-alive',
22 silly get     'x-served-by': 'cache-jnb7523-JNB',
22 silly get     'x-cache': 'HIT',
22 silly get     'x-cache-hits': '1',
22 silly get     'x-timer': 'S1493988151.290493,VS0,VE0',
22 silly get     vary: 'Accept-Encoding' } ]
23 verbose etag https://registry.npmjs.org/weather.js from cache
24 verbose get saving weather.js to /home/bootcamp/.npm/registry.npmjs.org/weather.js/.cache.json
25 silly install normalizeTree
26 silly loadCurrentTree Finishing
27 silly loadIdealTree Starting
28 silly install loadIdealTree
29 silly cloneCurrentTree Starting
30 silly install cloneCurrentTreeToIdealTree
31 silly cloneCurrentTree Finishing
32 silly loadShrinkwrap Starting
33 silly install loadShrinkwrap
34 silly loadShrinkwrap Finishing
35 silly loadAllDepsIntoIdealTree Starting
36 silly install loadAllDepsIntoIdealTree
37 silly resolveWithNewModule weather.js@0.1.0 checking installable status
38 silly cache add args [ 'weather.js', null ]
39 verbose cache add spec weather.js
40 silly cache add parsed spec Result {
40 silly cache add   raw: 'weather.js',
40 silly cache add   scope: null,
40 silly cache add   name: 'weather.js',
40 silly cache add   rawSpec: '',
40 silly cache add   spec: 'latest',
40 silly cache add   type: 'tag' }
41 silly addNamed weather.js@latest
42 verbose addNamed "latest" is being treated as a dist-tag for weather.js
43 info addNameTag [ 'weather.js', 'latest' ]
44 silly mapToRegistry name weather.js
45 silly mapToRegistry using default registry
46 silly mapToRegistry registry https://registry.npmjs.org/
47 silly mapToRegistry uri https://registry.npmjs.org/weather.js
48 verbose addNameTag registry:https://registry.npmjs.org/weather.js not in flight; fetching
49 verbose get https://registry.npmjs.org/weather.js not expired, no request
50 silly addNameTag next cb for weather.js with tag latest
51 silly addNamed weather.js@0.1.0
52 verbose addNamed "0.1.0" is a plain semver version for weather.js
53 silly cache afterAdd weather.js@0.1.0
54 verbose afterAdd /home/bootcamp/.npm/weather.js/0.1.0/package/package.json not in flight; writing
55 verbose afterAdd /home/bootcamp/.npm/weather.js/0.1.0/package/package.json written
56 silly loadAllDepsIntoIdealTree Finishing
57 silly idealTree:prePrune lib
57 silly idealTree:prePrune └── weather.js@0.1.0
58 silly loadIdealTree Finishing
59 silly currentTree lib
60 silly idealTree lib
60 silly idealTree └── weather.js@0.1.0
61 silly generateActionsToTake Starting
62 silly install generateActionsToTake
63 warn checkPermissions Missing write access to /usr/local/lib/node_modules
64 silly rollbackFailedOptional Starting
65 silly rollbackFailedOptional Finishing
66 silly runTopLevelLifecycles Starting
67 silly runTopLevelLifecycles Finishing
68 silly install printInstalled
69 verbose stack Error: EACCES: permission denied, access '/usr/local/lib/node_modules'
69 verbose stack     at Error (native)
70 verbose cwd /home/bootcamp/Projects/Calculate-Age
71 error Linux 4.4.0-72-generic
72 error argv "/usr/bin/nodejs" "/usr/bin/npm" "install" "-g" "weather.js"
73 error node v4.2.6
74 error npm  v3.5.2
75 error path /usr/local/lib/node_modules
76 error code EACCES
77 error errno -13
78 error syscall access
79 error Error: EACCES: permission denied, access '/usr/local/lib/node_modules'
79 error     at Error (native)
79 error  { [Error: EACCES: permission denied, access '/usr/local/lib/node_modules']
79 error   errno: -13,
79 error   code: 'EACCES',
79 error   syscall: 'access',
79 error   path: '/usr/local/lib/node_modules' }
80 error Please try running this command again as root/Administrator.
81 verbose exit [ -13, true ]
